d:\seneca\第二学期\oop244\oop-workshops\ws03\at-home\w3\w3\debug\vc141.pdb
d:\seneca\第二学期\oop244\oop-workshops\ws03\at-home\w3\w3\debug\vc141.idb
d:\seneca\第二学期\oop244\oop-workshops\ws03\at-home\w3\w3\debug\w3_in_lab.obj
d:\seneca\第二学期\oop244\oop-workshops\ws03\at-home\w3\w3\debug\book.obj
d:\seneca\第二学期\oop244\oop-workshops\ws03\in-lab\w3\w3\debug\vc141.pdb
d:\seneca\第二学期\oop244\oop-workshops\ws03\in-lab\w3\w3\debug\vc141.idb
d:\seneca\第二学期\oop244\oop-workshops\ws03\in-lab\w3\w3\debug\w3_in_lab.obj
d:\seneca\第二学期\oop244\oop-workshops\ws03\in-lab\w3\w3\debug\book.obj
d:\seneca\第二学期\oop244\oop-workshops\ws03\at-home\w3\debug\w3.ilk
d:\seneca\第二学期\oop244\oop-workshops\ws03\at-home\w3\debug\w3.exe
d:\seneca\第二学期\oop244\oop-workshops\ws03\at-home\w3\debug\w3.pdb
d:\seneca\第二学期\oop244\oop-workshops\ws03\in-lab\w3\debug\w3.exe
d:\seneca\第二学期\oop244\oop-workshops\ws03\in-lab\w3\debug\w3.ilk
d:\seneca\第二学期\oop244\oop-workshops\ws03\in-lab\w3\debug\w3.pdb
d:\seneca\第二学期\oop244\oop-workshops\ws03\in-lab\w3\w3\debug\w3.tlog\cl.command.1.tlog
d:\seneca\第二学期\oop244\oop-workshops\ws03\in-lab\w3\w3\debug\w3.tlog\cl.read.1.tlog
d:\seneca\第二学期\oop244\oop-workshops\ws03\in-lab\w3\w3\debug\w3.tlog\cl.write.1.tlog
d:\seneca\第二学期\oop244\oop-workshops\ws03\in-lab\w3\w3\debug\w3.tlog\link.command.1.tlog
d:\seneca\第二学期\oop244\oop-workshops\ws03\in-lab\w3\w3\debug\w3.tlog\link.read.1.tlog
d:\seneca\第二学期\oop244\oop-workshops\ws03\in-lab\w3\w3\debug\w3.tlog\link.write.1.tlog
